{"trial_id": "01", "hyperparameters": {"space": [{"class_name": "Int", "config": {"name": "conv1_filters", "default": null, "conditions": [], "min_value": 16, "max_value": 64, "step": 16, "sampling": "linear"}}, {"class_name": "Int", "config": {"name": "qconv1_filters", "default": null, "conditions": [], "min_value": 4, "max_value": 16, "step": 4, "sampling": "linear"}}, {"class_name": "Float", "config": {"name": "dropout1", "default": 0.2, "conditions": [], "min_value": 0.2, "max_value": 0.5, "step": null, "sampling": "linear"}}, {"class_name": "Int", "config": {"name": "qconv2_filters", "default": null, "conditions": [], "min_value": 4, "max_value": 16, "step": 4, "sampling": "linear"}}, {"class_name": "Float", "config": {"name": "dropout2", "default": 0.2, "conditions": [], "min_value": 0.2, "max_value": 0.5, "step": null, "sampling": "linear"}}, {"class_name": "Int", "config": {"name": "qdense_units", "default": null, "conditions": [], "min_value": 4, "max_value": 16, "step": 4, "sampling": "linear"}}, {"class_name": "Float", "config": {"name": "learning_rate", "default": 0.0001, "conditions": [], "min_value": 0.0001, "max_value": 0.01, "step": null, "sampling": "log"}}], "values": {"conv1_filters": 48, "qconv1_filters": 4, "dropout1": 0.29494591223157623, "qconv2_filters": 4, "dropout2": 0.42130229777899186, "qdense_units": 12, "learning_rate": 0.00026046409796031013}}, "metrics": {"metrics": {}}, "score": null, "best_step": 0, "status": "FAILED", "message": "Traceback (most recent call last):\n  File \"/home/sinaghf/projects/Project_Asphalt/.venv/lib/python3.10/site-packages/keras_tuner/src/engine/base_tuner.py\", line 274, in _try_run_and_update_trial\n    self._run_and_update_trial(trial, *fit_args, **fit_kwargs)\n  File \"/home/sinaghf/projects/Project_Asphalt/.venv/lib/python3.10/site-packages/keras_tuner/src/engine/base_tuner.py\", line 239, in _run_and_update_trial\n    results = self.run_trial(trial, *fit_args, **fit_kwargs)\n  File \"/home/sinaghf/projects/Project_Asphalt/.venv/lib/python3.10/site-packages/keras_tuner/src/engine/tuner.py\", line 314, in run_trial\n    obj_value = self._build_and_fit_model(trial, *args, **copied_kwargs)\n  File \"/home/sinaghf/projects/Project_Asphalt/.venv/lib/python3.10/site-packages/keras_tuner/src/engine/tuner.py\", line 233, in _build_and_fit_model\n    results = self.hypermodel.fit(hp, model, *args, **kwargs)\n  File \"/home/sinaghf/projects/Project_Asphalt/.venv/lib/python3.10/site-packages/keras_tuner/src/engine/hypermodel.py\", line 149, in fit\n    return model.fit(*args, **kwargs)\n  File \"/home/sinaghf/projects/Project_Asphalt/.venv/lib/python3.10/site-packages/keras/utils/traceback_utils.py\", line 70, in error_handler\n    raise e.with_traceback(filtered_tb) from None\n  File \"/tmp/__autograph_generated_file0ipit6q9.py\", line 15, in tf__train_function\n    retval_ = ag__.converted_call(ag__.ld(step_function), (ag__.ld(self), ag__.ld(iterator)), None, fscope)\nValueError: in user code:\n\n    File \"/home/sinaghf/projects/Project_Asphalt/.venv/lib/python3.10/site-packages/keras/engine/training.py\", line 1249, in train_function  *\n        return step_function(self, iterator)\n    File \"/home/sinaghf/projects/Project_Asphalt/.venv/lib/python3.10/site-packages/keras/engine/training.py\", line 1233, in step_function  **\n        outputs = model.distribute_strategy.run(run_step, args=(data,))\n    File \"/home/sinaghf/projects/Project_Asphalt/.venv/lib/python3.10/site-packages/keras/engine/training.py\", line 1222, in run_step  **\n        outputs = model.train_step(data)\n    File \"/home/sinaghf/projects/Project_Asphalt/.venv/lib/python3.10/site-packages/keras/engine/training.py\", line 1024, in train_step\n        loss = self.compute_loss(x, y, y_pred, sample_weight)\n    File \"/home/sinaghf/projects/Project_Asphalt/.venv/lib/python3.10/site-packages/keras/engine/training.py\", line 1082, in compute_loss\n        return self.compiled_loss(\n    File \"/home/sinaghf/projects/Project_Asphalt/.venv/lib/python3.10/site-packages/keras/engine/compile_utils.py\", line 265, in __call__\n        loss_value = loss_obj(y_t, y_p, sample_weight=sw)\n    File \"/home/sinaghf/projects/Project_Asphalt/.venv/lib/python3.10/site-packages/keras/losses.py\", line 152, in __call__\n        losses = call_fn(y_true, y_pred)\n    File \"/home/sinaghf/projects/Project_Asphalt/.venv/lib/python3.10/site-packages/keras/losses.py\", line 284, in call  **\n        return ag_fn(y_true, y_pred, **self._fn_kwargs)\n    File \"/home/sinaghf/projects/Project_Asphalt/.venv/lib/python3.10/site-packages/keras/losses.py\", line 2004, in categorical_crossentropy\n        return backend.categorical_crossentropy(\n    File \"/home/sinaghf/projects/Project_Asphalt/.venv/lib/python3.10/site-packages/keras/backend.py\", line 5532, in categorical_crossentropy\n        target.shape.assert_is_compatible_with(output.shape)\n\n    ValueError: Shapes (None, 1) and (None, 3) are incompatible\n\n"}