{"trial_id": "00", "hyperparameters": {"space": [{"class_name": "Int", "config": {"name": "conv1_filters", "default": null, "conditions": [], "min_value": 16, "max_value": 64, "step": 16, "sampling": "linear"}}, {"class_name": "Int", "config": {"name": "qconv1_filters", "default": null, "conditions": [], "min_value": 4, "max_value": 16, "step": 4, "sampling": "linear"}}, {"class_name": "Float", "config": {"name": "dropout1", "default": 0.2, "conditions": [], "min_value": 0.2, "max_value": 0.5, "step": null, "sampling": "linear"}}, {"class_name": "Int", "config": {"name": "qconv2_filters", "default": null, "conditions": [], "min_value": 4, "max_value": 16, "step": 4, "sampling": "linear"}}, {"class_name": "Float", "config": {"name": "dropout2", "default": 0.2, "conditions": [], "min_value": 0.2, "max_value": 0.5, "step": null, "sampling": "linear"}}, {"class_name": "Int", "config": {"name": "qdense_units", "default": null, "conditions": [], "min_value": 4, "max_value": 16, "step": 4, "sampling": "linear"}}, {"class_name": "Float", "config": {"name": "learning_rate", "default": 1e-06, "conditions": [], "min_value": 1e-06, "max_value": 0.01, "step": null, "sampling": "log"}}], "values": {"conv1_filters": 32, "qconv1_filters": 16, "dropout1": 0.22225347631290907, "qconv2_filters": 4, "dropout2": 0.2739890896729704, "qdense_units": 4, "learning_rate": 2.8059552710608828e-05}}, "metrics": {"metrics": {}}, "score": null, "best_step": 0, "status": "FAILED", "message": "Traceback (most recent call last):\n  File \"/home/sinaghf/projects/Project_Asphalt/.venv/lib/python3.10/site-packages/keras_tuner/src/engine/base_tuner.py\", line 274, in _try_run_and_update_trial\n    self._run_and_update_trial(trial, *fit_args, **fit_kwargs)\n  File \"/home/sinaghf/projects/Project_Asphalt/.venv/lib/python3.10/site-packages/keras_tuner/src/engine/base_tuner.py\", line 239, in _run_and_update_trial\n    results = self.run_trial(trial, *fit_args, **fit_kwargs)\n  File \"/home/sinaghf/projects/Project_Asphalt/.venv/lib/python3.10/site-packages/keras_tuner/src/engine/tuner.py\", line 314, in run_trial\n    obj_value = self._build_and_fit_model(trial, *args, **copied_kwargs)\n  File \"/home/sinaghf/projects/Project_Asphalt/.venv/lib/python3.10/site-packages/keras_tuner/src/engine/tuner.py\", line 233, in _build_and_fit_model\n    results = self.hypermodel.fit(hp, model, *args, **kwargs)\n  File \"/home/sinaghf/projects/Project_Asphalt/.venv/lib/python3.10/site-packages/keras_tuner/src/engine/hypermodel.py\", line 149, in fit\n    return model.fit(*args, **kwargs)\n  File \"/home/sinaghf/projects/Project_Asphalt/.venv/lib/python3.10/site-packages/keras/utils/traceback_utils.py\", line 70, in error_handler\n    raise e.with_traceback(filtered_tb) from None\n  File \"/tmp/__autograph_generated_fileim_4rw68.py\", line 15, in tf__train_function\n    retval_ = ag__.converted_call(ag__.ld(step_function), (ag__.ld(self), ag__.ld(iterator)), None, fscope)\nValueError: in user code:\n\n    File \"/home/sinaghf/projects/Project_Asphalt/.venv/lib/python3.10/site-packages/keras/engine/training.py\", line 1249, in train_function  *\n        return step_function(self, iterator)\n    File \"/home/sinaghf/projects/Project_Asphalt/.venv/lib/python3.10/site-packages/keras/engine/training.py\", line 1233, in step_function  **\n        outputs = model.distribute_strategy.run(run_step, args=(data,))\n    File \"/home/sinaghf/projects/Project_Asphalt/.venv/lib/python3.10/site-packages/keras/engine/training.py\", line 1222, in run_step  **\n        outputs = model.train_step(data)\n    File \"/home/sinaghf/projects/Project_Asphalt/.venv/lib/python3.10/site-packages/keras/engine/training.py\", line 1023, in train_step\n        y_pred = self(x, training=True)\n    File \"/home/sinaghf/projects/Project_Asphalt/.venv/lib/python3.10/site-packages/keras/utils/traceback_utils.py\", line 70, in error_handler\n        raise e.with_traceback(filtered_tb) from None\n    File \"/home/sinaghf/projects/Project_Asphalt/.venv/lib/python3.10/site-packages/keras/engine/input_spec.py\", line 216, in assert_input_compatibility\n        raise ValueError(\n\n    ValueError: Layer \"sequential\" expects 1 input(s), but it received 2 input tensors. Inputs received: [<tf.Tensor 'IteratorGetNext:0' shape=(None, 2370, 1) dtype=float64>, <tf.Tensor 'IteratorGetNext:1' shape=(None, 12) dtype=float64>]\n\n"}